MPASM 5.77                       NAVIDAD.ASM   11-26-2020  1:29:48         PAGE  1


LOC  OBJECT CODE     LINE SOURCE TEXT
  VALUE

                      00001 ;*******************************************************************************                        
                                                                                                                            
                      00002 ;*******************************************************************************
                      00003 ;                                                                              
                      00004 ;    Filename: Laboratorio 7                                                               
                      00005 ;    Date: Oct 2020                                                                                     
                                                                 
                      00006 ;    Author: Cuellar                                                           
                      00007 ;    Company: UVG                                                              
                      00008 ;    Description: LAB7                                                                                  
                                                                           
                      00009 #include "p16f887.inc"
                      00001         LIST
                      00002 
                      00003 ;==========================================================================
                      00004 ; Build date : Nov 22 2017
                      00005 ;  MPASM PIC16F887 processor include
                      00006 ; 
                      00007 ;  (c) Copyright 1999-2017 Microchip Technology, All rights reserved
                      00008 ;==========================================================================
                      00009 
                      00810         LIST
                      00010 
                      00011 ; CONFIG1
                      00012 ; __config 0xE0D4
2007   20DC           00013  __CONFIG _CONFIG1, _FOSC_INTRC_NOCLKOUT & _WDTE_ON & _PWRTE_OFF & _MCLRE_OFF & _CP_OFF & _CPD_OFF & _BO
                            REN_OFF & _IESO_OFF & _FCMEN_OFF & _LVP_OFF
                      00014 ; CONFIG2
                      00015 ; __config 0xFFFF
2008   3FFF           00016  __CONFIG _CONFIG2, _BOR4V_BOR40V & _WRT_OFF
                      00017  
                      00018 ;#####VARIABLES####
Message[313]: CBLOCK constants will start with a value of 0.
                      00019  CBLOCK
  00000000            00020  CUENTA ;Variable para los ciclos del timer1
  00000001            00021  CUENTA2
  00000002            00022  AUMENTO ;Variable para los ciclos del timer 1
                      00023  ENDC
                      00024  ;NUMERO EQU .10 ;Cuantas veces quiero que cuente el timer1
Warning[207]: Found label after column 1. (NUMERO2)
  00000002            00025  NUMERO2 EQU .2
                      00026  
                      00027 GPR UDATA
0000                  00028 ADC_VAL RES 1
0001                  00029 ADC_VAL2 RES 1
0002                  00030 DECODE  RES 1
0003                  00031 DECODE2 RES 1
0004                  00032 DECODE3 RES 1
0005                  00033 DECODE4 RES 1
0006                  00034 CONT1   RES 1
0007                  00035 CONT2   RES 1
0008                  00036 XCOR    RES 1
0009                  00037 YCOR    RES 1
MPASM 5.77                       NAVIDAD.ASM   11-26-2020  1:29:48         PAGE  2


LOC  OBJECT CODE     LINE SOURCE TEXT
  VALUE

000A                  00038 BAND    RES 1
000B                  00039 BAND2   RES 1
000C                  00040 VIENE  RES 1
000D                  00041 YVIENE  RES 1
000E                  00042 BANDERAS RES 1
000F                  00043 MOT     RES 1
0010                  00044 W_TEMP  RES 1 ;Variable para el push/pop
0011                  00045 STATUS_TEMP RES 1 ;Variable para el push/pop
0012                  00046 VarT1H      RES 1 ;BYTE alto del TMR1
0013                  00047 VarT1L      RES 1 ;BYTE bajo del TMR1
0014                  00048 NUMERO      RES 1
                      00049  
                      00050  
                      00051 ;####RESET VECTOR####
                      00052 RES_VECT  CODE    0x0000            ; processor reset vector
0000   2???           00053     GOTO    SETUP                   ; go to beginning of program
                      00054 
                      00055 ;####INTERRUPT####
                      00056 
                      00057 ;####TABLAS####
                      00058 ;Tabla para decodificar valores binarios hacia el display de 7 seg
                      00059 
                      00060     
                      00061     
                      00062 MAIN_PROG CODE                      ; let linker place main program
0000                  00063 SETUP:
                      00064     ;BSF         STATUS, RP0
                      00065     ;MOVLW B'00001011'
0000   2???           00066     CALL CONFIG_IO
0001   2???           00067     CALL CONFIG_ADC
0002   2???           00068     CALL CONFIG_TXRX
0003   2???           00069     CALL CONFIG_T2CON_CCP1CON
                      00070 
                      00071     
0004   01??           00072     CLRF BAND
0005   01??           00073     CLRF BAND2
0006   01??           00074     CLRF XCOR
0007   01??           00075     CLRF YCOR
0008   01??           00076     CLRF VIENE
0009   01??           00077     CLRF BANDERAS
000A   300A           00078     MOVLW .10
000B   00??           00079     MOVWF NUMERO
000C   1400           00080     BSF  BAND, 0
                      00081     
                      00082 ;####EMPIEZA MAINLOOP####     
000D                  00083 LOOP:
000D   2???           00084     CALL    LEC_POTX
000E   2???           00085     CALL    DELAY_AQ
000F   2???           00086     CALL    LEC_POTY
0010   2???           00087     CALL    ENVIO1
0011   2???           00088     CALL    DELAY_MULTPLX
0012   2???           00089     CALL    RECIBIR2
0013   2???           00090     CALL    LEC_EEPROM
MPASM 5.77                       NAVIDAD.ASM   11-26-2020  1:29:48         PAGE  3


LOC  OBJECT CODE     LINE SOURCE TEXT
  VALUE

                      00091     
0014   2???           00092     CALL    LEDS
                      00093 
0015   2???           00094     CALL    MOTORDC
0016   1B88           00095     BTFSC   PORTD, 7
0017   2???           00096     GOTO    TEMPO_1
0018   1988           00097     BTFSC   PORTD, 3
0019   2???           00098     GOTO    TEMPO_2
001A   1B08           00099     BTFSC   PORTD, 6
001B   2???           00100     GOTO    TEMPO_3
                      00101     
001C                  00102 SIGUE:
                      00103     
001C   1D08           00104     BTFSS   PORTD, 2
001D   2???           00105     GOTO    PWM_L
001E   2???           00106     GOTO    PWM_H
                      00107     
                      00108 
                      00109 ;    MOVFW   ADC_VAL
                      00110 ;    SUBLW   .1
                      00111 ;    MOVWF   MOT
                      00112 ;    BTFSC   STATUS, C
                      00113 ;    GOTO    SIGN
                      00114 ;    GOTO    NO_SIGN
001F   2???           00115     GOTO    LOOP                         ; loop forever
                      00116    
                      00117 ;####SETUPS####
0020                  00118 CONFIG_IO:
0020   1683 1703      00119     BANKSEL ANSEL
Message[302]: Register in operand not in bank 0.  Ensure that bank bits are correct.
0022   0188           00120     CLRF    ANSEL
Message[305]: Using default destination of 1 (file).
Message[302]: Register in operand not in bank 0.  Ensure that bank bits are correct.
0023   0988           00121     COMF    ANSEL
0024   1683 1303      00122     BANKSEL TRISA
Message[302]: Register in operand not in bank 0.  Ensure that bank bits are correct.
0026   0185           00123     CLRF    TRISA
Message[305]: Using default destination of 1 (file).
Message[302]: Register in operand not in bank 0.  Ensure that bank bits are correct.
0027   0985           00124     COMF    TRISA
Message[302]: Register in operand not in bank 0.  Ensure that bank bits are correct.
0028   1108           00125     BCF     TRISD, 2
Message[302]: Register in operand not in bank 0.  Ensure that bank bits are correct.
0029   1588           00126     BSF     TRISD, 3
Message[302]: Register in operand not in bank 0.  Ensure that bank bits are correct.
002A   1708           00127     BSF     TRISD, 6
Message[302]: Register in operand not in bank 0.  Ensure that bank bits are correct.
002B   1788           00128     BSF     TRISD, 7
Message[302]: Register in operand not in bank 0.  Ensure that bank bits are correct.
002C   0186           00129     CLRF    TRISB
Message[302]: Register in operand not in bank 0.  Ensure that bank bits are correct.
002D   0187           00130     CLRF    TRISC
Message[302]: Register in operand not in bank 0.  Ensure that bank bits are correct.
MPASM 5.77                       NAVIDAD.ASM   11-26-2020  1:29:48         PAGE  4


LOC  OBJECT CODE     LINE SOURCE TEXT
  VALUE

002E   0189           00131     CLRF    TRISE
002F   1283 1303      00132     BANKSEL PORTD
0031   0185           00133     CLRF    PORTA
0032   0188           00134     CLRF    PORTD
0033   0186           00135     CLRF    PORTB
0034   0187           00136     CLRF    PORTC
0035   0008           00137     RETURN
                      00138     
0036                  00139 CONFIG_ADC:
0036   1683 1303      00140     BANKSEL ADCON1
0038   3000           00141     MOVLW   B'00000000'
Message[302]: Register in operand not in bank 0.  Ensure that bank bits are correct.
0039   009F           00142     MOVWF   ADCON1
003A   1283 1303      00143     BANKSEL ADCON0
003C   3041           00144     MOVLW   B'01000001'
003D   009F           00145     MOVWF   ADCON0
003E   0008           00146     RETURN
                      00147     
003F                  00148 CONFIG_ADC2:
003F   1683 1303      00149     BANKSEL ADCON1
0041   3000           00150     MOVLW   B'00000000'
Message[302]: Register in operand not in bank 0.  Ensure that bank bits are correct.
0042   009F           00151     MOVWF   ADCON1
0043   1283 1303      00152     BANKSEL ADCON0
0045   3049           00153     MOVLW   B'01001001'
0046   009F           00154     MOVWF   ADCON0
0047   0008           00155     RETURN
                      00156     
0048                  00157 CONFIG_TXRX:
0048   1683 1303      00158     BANKSEL TXSTA
Message[302]: Register in operand not in bank 0.  Ensure that bank bits are correct.
004A   1218           00159     BCF     TXSTA, SYNC
Message[302]: Register in operand not in bank 0.  Ensure that bank bits are correct.
004B   1518           00160     BSF     TXSTA, BRGH
004C   1683 1703      00161     BANKSEL BAUDCTL
Message[302]: Register in operand not in bank 0.  Ensure that bank bits are correct.
004E   1187           00162     BCF     BAUDCTL, BRG16
004F   1683 1303      00163     BANKSEL SPBRG
0051   3019           00164     MOVLW   .25
Message[302]: Register in operand not in bank 0.  Ensure that bank bits are correct.
0052   0099           00165     MOVWF   SPBRG
Message[302]: Register in operand not in bank 0.  Ensure that bank bits are correct.
0053   019A           00166     CLRF    SPBRGH
0054   1283 1303      00167     BANKSEL RCSTA
0056   1798           00168     BSF     RCSTA, SPEN
0057   1318           00169     BCF     RCSTA, RX9
0058   1618           00170     BSF     RCSTA, CREN
0059   1683 1303      00171     BANKSEL TXSTA
Message[302]: Register in operand not in bank 0.  Ensure that bank bits are correct.
005B   1698           00172     BSF     TXSTA, TXEN
005C   1283 1303      00173     BANKSEL PORTA
005E   0008           00174     RETURN
                      00175     
MPASM 5.77                       NAVIDAD.ASM   11-26-2020  1:29:48         PAGE  5


LOC  OBJECT CODE     LINE SOURCE TEXT
  VALUE

005F                  00176 DELAY_AQ:
005F   0000           00177     NOP
0060   0000           00178     NOP
0061   0000           00179     NOP
0062   0000           00180     NOP
0063   0000           00181     NOP
0064   0000           00182     NOP
0065   0000           00183     NOP
0066   0000           00184     NOP
0067   0000           00185     NOP
0068   0000           00186     NOP
0069   0008           00187     RETURN
                      00188     
006A                  00189 DELAY_SMALL
006A   300A           00190     MOVLW .10
006B   08??           00191     MOVFW CONT1
006C   0B??           00192     DECFSZ CONT1, F
006D   2???           00193                GOTO $-1 ;IR A PC - 1, REGRESAR A DECFSZ
006E   0008           00194  RETURN
                      00195  
006F                  00196 DELAY_MULTPLX ;Delay para multiplexar
006F   300A           00197     MOVLW .10
0070   00??           00198     MOVWF CONT2
0071                  00199 CONFIG1:    
0071   2???           00200     CALL DELAY_SMALL
0072   0B??           00201     DECFSZ CONT2, F
0073   2???           00202     GOTO CONFIG1
0074   0008           00203     RETURN
                      00204     
0075                  00205 SEL_RECIBIR:
0075   1800           00206     BTFSC   BAND2, 0
0076   2???           00207     GOTO    RECIBIR2
                      00208 ;    BTFSC   BAND2, 1
                      00209 ;    GOTO    RECIBIR2
                      00210     
                      00211     
                      00212 
                      00213     
0077                  00214 RECIBIR2: ;Recibir info de Y
0077   1000           00215     BCF     BAND2, 0
                      00216     ;BCF            BAND2, 1
0078   1E8C           00217     BTFSS   PIR1, RCIF
0079   0008           00218     RETURN
007A   081A           00219     MOVF    RCREG, W
007B   00??           00220     MOVWF   VIENE
007C   00??           00221     MOVWF   BANDERAS
007D   0008           00222     RETURN
                      00223     
007E                  00224 CONFIG_T2CON_CCP1CON:
007E   1683 1303      00225     BANKSEL PR2
0080   309C           00226     MOVLW   .156
Message[302]: Register in operand not in bank 0.  Ensure that bank bits are correct.
0081   0092           00227     MOVWF   PR2
MPASM 5.77                       NAVIDAD.ASM   11-26-2020  1:29:48         PAGE  6


LOC  OBJECT CODE     LINE SOURCE TEXT
  VALUE

0082   1283 1303      00228     BANKSEL CCP2CON
0084   159D           00229     BSF     CCP2CON, 3
0085   151D           00230     BSF     CCP2CON, 2
0086   1283 1303      00231     BANKSEL PORTA
0088   3007           00232     MOVLW   B'00000111'
0089   0092           00233     MOVWF   T2CON
008A   1597           00234     BSF     CCP1CON, 3
008B   1517           00235     BSF     CCP1CON, 2
008C   1097           00236     BCF     CCP1CON, 1
008D   1017           00237     BCF     CCP1CON, 0
008E   0008           00238     RETURN
                      00239     
                      00240     
                      00241     
008F                  00242 LEC_POTX: ;Lecutra del pot de X
008F   2???           00243     CALL    CONFIG_ADC
0090   1283 1303      00244     BANKSEL PORTA
0092   2???           00245     CALL    DELAY_AQ
0093   149F           00246     BSF     ADCON0, GO
0094   189F           00247     BTFSC   ADCON0, GO
0095   2???           00248     GOTO    $-1
0096   081E           00249     MOVF    ADRESH, W
0097   00??           00250     MOVWF   ADC_VAL
0098   0095           00251     MOVWF   CCPR1L
0099   0008           00252     RETURN
                      00253     
009A                  00254 LEC_POTY: ;lECTURA DEL POT DE Y
009A   2???           00255     CALL    CONFIG_ADC2
009B   1283 1303      00256     BANKSEL PORTA
009D   2???           00257     CALL    DELAY_AQ
009E   149F           00258     BSF     ADCON0, GO
009F   189F           00259     BTFSC   ADCON0, GO
00A0   2???           00260     GOTO    $-1
00A1   081E           00261     MOVF    ADRESH, W
00A2   00??           00262     MOVWF   ADC_VAL2
                      00263     ;MOVWF   CCPR2L
00A3   0008           00264     RETURN
                      00265     
00A4                  00266 SEL_ENVIO: ;Toggle de envíos
00A4   1800           00267     BTFSC   BAND, 0
00A5   2???           00268     GOTO    ENVIO1
00A6   1880           00269     BTFSC   BAND, 1
00A7   2???           00270     GOTO    ENVIO3
00A8   0008           00271     RETURN ;Envio primer Byte
00A9                  00272 ENVIO3:
00A9   1080           00273     BCF     BAND, 1
00AA   1400           00274     BSF     BAND, 0
00AB   1E0C           00275     BTFSS   PIR1, TXIF
00AC   0008           00276     RETURN
00AD   08??           00277     MOVFW   ADC_VAL
00AE   0099           00278     MOVWF   TXREG
00AF   0008           00279     RETURN
00B0                  00280 ENVIO1: ;Envío segundo Byte
MPASM 5.77                       NAVIDAD.ASM   11-26-2020  1:29:48         PAGE  7


LOC  OBJECT CODE     LINE SOURCE TEXT
  VALUE

00B0   1000           00281     BCF     BAND, 0
00B1   1480           00282     BSF     BAND, 1
00B2   1E0C           00283     BTFSS   PIR1, TXIF
00B3   0008           00284     RETURN
00B4   08??           00285     MOVFW   ADC_VAL2
00B5   0099           00286     MOVWF   TXREG
00B6   0008           00287     RETURN
                      00288     
00B7                  00289 ESC_EEPROM:
00B7   1283 1703      00290     BANKSEL EEADR
00B9   3000           00291     MOVLW .0
Message[302]: Register in operand not in bank 0.  Ensure that bank bits are correct.
00BA   008D           00292     MOVWF EEADR
00BB   1283 1303      00293     BANKSEL PORTA
00BD   0806           00294     MOVFW PORTB
00BE   1283 1703      00295     BANKSEL EEDAT
Message[302]: Register in operand not in bank 0.  Ensure that bank bits are correct.
00C0   008C           00296     MOVWF   EEDAT
00C1   1683 1703      00297     BANKSEL EECON1
Message[302]: Register in operand not in bank 0.  Ensure that bank bits are correct.
00C3   138C           00298     BCF EECON1,EEPGD
Message[302]: Register in operand not in bank 0.  Ensure that bank bits are correct.
00C4   150C           00299     BSF EECON1,WREN
00C5   138B           00300     BCF INTCON, GIE
00C6   3055           00301     MOVLW 0x55 
Message[302]: Register in operand not in bank 0.  Ensure that bank bits are correct.
00C7   008D           00302     MOVWF EECON2 ;Write 55h
00C8   30AA           00303     MOVLW 0XAA  
Message[302]: Register in operand not in bank 0.  Ensure that bank bits are correct.
00C9   008D           00304     MOVWF EECON2 
Message[302]: Register in operand not in bank 0.  Ensure that bank bits are correct.
00CA   148C           00305     BSF EECON1, WR
00CB   178B           00306     BSF INTCON, GIE 
                      00307     
Message[302]: Register in operand not in bank 0.  Ensure that bank bits are correct.
00CC   110C           00308     BCF EECON1, WREN 
00CD   1283 1303      00309     BANKSEL PORTA   
00CF   0008           00310     RETURN
                      00311     
00D0                  00312 LEC_EEPROM:
00D0   3000           00313     MOVLW   .0
00D1   1283 1703      00314     BANKSEL EEADR
Message[302]: Register in operand not in bank 0.  Ensure that bank bits are correct.
00D3   008D           00315     MOVWF   EEADR
00D4   1683 1703      00316     BANKSEL EECON1
Message[302]: Register in operand not in bank 0.  Ensure that bank bits are correct.
00D6   138C           00317     BCF     EECON1, EEPGD
Message[302]: Register in operand not in bank 0.  Ensure that bank bits are correct.
00D7   140C           00318     BSF     EECON1, RD
00D8   1283 1703      00319     BANKSEL EEDATA
Message[302]: Register in operand not in bank 0.  Ensure that bank bits are correct.
00DA   080C           00320     MOVF    EEDATA, W
00DB   1283 1303      00321     BANKSEL PORTD
MPASM 5.77                       NAVIDAD.ASM   11-26-2020  1:29:48         PAGE  8


LOC  OBJECT CODE     LINE SOURCE TEXT
  VALUE

00DD   0088           00322     MOVWF   PORTD
00DE   1283 1303      00323     BANKSEL PORTA
00E0   0008           00324     RETURN    
                      00325     
00E1                  00326 LEDS:
00E1   1283 1303      00327    BANKSEL  PORTB
00E3   08??           00328    MOVFW    BANDERAS
00E4   0086           00329    MOVWF    PORTB
00E5   0008           00330    RETURN
00E6                  00331 MOTORDC:
00E6   1283 1303      00332     BANKSEL PORTB
00E8   08??           00333     MOVFW   VIENE
00E9   3930           00334     ANDLW B'00110000'
00EA   00??           00335     MOVWF   VIENE
00EB   1A00           00336     BTFSC   VIENE, 4
00EC   2???           00337     GOTO    LENTO
00ED   1A80           00338     BTFSC   VIENE, 5
00EE   2???           00339     GOTO    RAPIDO
00EF   300F           00340     MOVLW   .15
00F0   009B           00341     MOVWF   CCPR2L
00F1   0008           00342     RETURN
00F2                  00343 LENTO:
00F2   3046           00344     MOVLW   .70
00F3   009B           00345     MOVWF   CCPR2L
00F4   0008           00346     RETURN
00F5                  00347 RAPIDO:
00F5   30FC           00348     MOVLW   .252
00F6   009B           00349     MOVWF   CCPR2L
00F7   0008           00350     RETURN
                      00351     
00F8                  00352 SIGN:
00F8   2???           00353     CALL ESC_EEPROM
00F9   2???           00354     GOTO LOOP
00FA                  00355 NO_SIGN:
00FA   2???           00356     GOTO LOOP
                      00357    
                      00358 
                      00359         
00FB                  00360 PWM_H:
                      00361 ;    INCF       CUENTA, F
                      00362 ;    MOVLW      NUMERO2
                      00363 ;    SUBWF      CUENTA,W; CUENTA - NUMERO = W
                      00364 ;    BTFSC      STATUS,Z
00FB   2???           00365     GOTO        PWM_H2
                      00366 ;    GOTO       LOOP
                      00367     
00FC                  00368 PWM_H2:
00FC   0180           00369     CLRF        CUENTA
00FD   1108           00370     BCF         PORTD, 2
00FE   2???           00371     GOTO        LOOP
                      00372     
00FF                  00373 PWM_L:
00FF   0A81           00374     INCF        CUENTA2, F
MPASM 5.77                       NAVIDAD.ASM   11-26-2020  1:29:48         PAGE  9


LOC  OBJECT CODE     LINE SOURCE TEXT
  VALUE

0100   30??           00375     MOVLW       NUMERO
0101   0201           00376     SUBWF       CUENTA2, W; CUENTA - NUMERO = W
0102   1903           00377     BTFSC       STATUS,Z
0103   2???           00378     GOTO        PWM_L2
0104   2???           00379     GOTO        LOOP
                      00380     
0105                  00381 PWM_L2:
0105   0181           00382     CLRF        CUENTA2
0106   1508           00383     BSF         PORTD, 2
0107   2???           00384     GOTO        LOOP
                      00385  
0108                  00386 TEMPO_1:
0108   1509           00387     BSF     PORTE, 2
0109   2???           00388     GOTO    SIGUE
                      00389     
010A                  00390 TEMPO_2:
010A   1109           00391     BCF     PORTE, 2
010B   2???           00392     GOTO    SIGUE
                      00393     
010C                  00394 TEMPO_3:
010C   1109           00395     BCF     PORTE, 2
010D   2???           00396     GOTO    SIGUE    
                      00397     
20DC 3FFF             00398     END
MPASM 5.77                       NAVIDAD.ASM   11-26-2020  1:29:48         PAGE 10


SYMBOL TABLE
  LABEL                             VALUE 

ABDEN                             00000000
ABDOVF                            00000007
ACKDT                             00000005
ACKEN                             00000004
ACKSTAT                           00000006
ADCON0                            0000001F
ADCON1                            0000009F
ADCS0                             00000006
ADCS1                             00000007
ADC_VAL                           00000000
ADC_VAL2                          00000001
ADDEN                             00000003
ADFM                              00000007
ADIE                              00000006
ADIF                              00000006
ADON                              00000000
ADRESH                            0000001E
ADRESL                            0000009E
ANS0                              00000000
ANS1                              00000001
ANS10                             00000002
ANS11                             00000003
ANS12                             00000004
ANS13                             00000005
ANS2                              00000002
ANS3                              00000003
ANS4                              00000004
ANS5                              00000005
ANS6                              00000006
ANS7                              00000007
ANS8                              00000000
ANS9                              00000001
ANSEL                             00000188
ANSELH                            00000189
AUMENTO                           00000002
BAND                              0000000A
BAND2                             0000000B
BANDERAS                          0000000E
BAUDCTL                           00000187
BCLIE                             00000003
BCLIF                             00000003
BF                                00000000
BRG0                              00000000
BRG1                              00000001
BRG10                             00000002
BRG11                             00000003
BRG12                             00000004
BRG13                             00000005
BRG14                             00000006
BRG15                             00000007
BRG16                             00000003
BRG2                              00000002
BRG3                              00000003
MPASM 5.77                       NAVIDAD.ASM   11-26-2020  1:29:48         PAGE 11


SYMBOL TABLE
  LABEL                             VALUE 

BRG4                              00000004
BRG5                              00000005
BRG6                              00000006
BRG7                              00000007
BRG8                              00000000
BRG9                              00000001
BRGH                              00000002
C                                 00000000
C1CH0                             00000000
C1CH1                             00000001
C1IE                              00000005
C1IF                              00000005
C1OE                              00000005
C1ON                              00000007
C1OUT                             00000006
C1POL                             00000004
C1R                               00000002
C1RSEL                            00000005
C1SEN                             00000005
C2CH0                             00000000
C2CH1                             00000001
C2IE                              00000006
C2IF                              00000006
C2OE                              00000005
C2ON                              00000007
C2OUT                             00000006
C2POL                             00000004
C2R                               00000002
C2REN                             00000004
C2RSEL                            00000004
C2SYNC                            00000000
CCP1CON                           00000017
CCP1IE                            00000002
CCP1IF                            00000002
CCP1M0                            00000000
CCP1M1                            00000001
CCP1M2                            00000002
CCP1M3                            00000003
CCP1X                             00000005
CCP1Y                             00000004
CCP2CON                           0000001D
CCP2IE                            00000000
CCP2IF                            00000000
CCP2M0                            00000000
CCP2M1                            00000001
CCP2M2                            00000002
CCP2M3                            00000003
CCP2X                             00000005
CCP2Y                             00000004
CCPR1                             00000015
CCPR1H                            00000016
CCPR1L                            00000015
CCPR2                             0000001B
MPASM 5.77                       NAVIDAD.ASM   11-26-2020  1:29:48         PAGE 12


SYMBOL TABLE
  LABEL                             VALUE 

CCPR2H                            0000001C
CCPR2L                            0000001B
CHS0                              00000002
CHS1                              00000003
CHS2                              00000004
CHS3                              00000005
CKE                               00000006
CKP                               00000004
CM1CON0                           00000107
CM2CON0                           00000108
CM2CON1                           00000109
CONFIG1                           00000071
CONFIG_ADC                        00000036
CONFIG_ADC2                       0000003F
CONFIG_IO                         00000020
CONFIG_T2CON_CCP1CON              0000007E
CONFIG_TXRX                       00000048
CONT1                             00000006
CONT2                             00000007
CREN                              00000004
CSRC                              00000007
CUENTA                            00000000
CUENTA2                           00000001
D                                 00000005
DATA_ADDRESS                      00000005
DC                                00000001
DC1B0                             00000004
DC1B1                             00000005
DC2B0                             00000004
DC2B1                             00000005
DECODE                            00000002
DECODE2                           00000003
DECODE3                           00000004
DECODE4                           00000005
DELAY_AQ                          0000005F
DELAY_MULTPLX                     0000006F
DELAY_SMALL                       0000006A
D_A                               00000005
D_NOT_A                           00000005
ECCPAS                            0000009C
ECCPAS0                           00000004
ECCPAS1                           00000005
ECCPAS2                           00000006
ECCPASE                           00000007
EEADR                             0000010D
EEADRH                            0000010F
EECON1                            0000018C
EECON2                            0000018D
EEDAT                             0000010C
EEDATA                            0000010C
EEDATH                            0000010E
EEIE                              00000004
EEIF                              00000004
MPASM 5.77                       NAVIDAD.ASM   11-26-2020  1:29:48         PAGE 13


SYMBOL TABLE
  LABEL                             VALUE 

EEPGD                             00000007
ENVIO1                            000000B0
ENVIO3                            000000A9
ESC_EEPROM                        000000B7
F                                 00000001
FERR                              00000002
FSR                               00000004
FVREN                             00000000
GCEN                              00000007
GIE                               00000007
GO                                00000001
GO_DONE                           00000001
GO_NOT_DONE                       00000001
HTS                               00000002
I2C_DATA                          00000005
I2C_READ                          00000002
I2C_START                         00000003
I2C_STOP                          00000004
INDF                              00000000
INTCON                            0000000B
INTE                              00000004
INTEDG                            00000006
INTF                              00000001
IOCB                              00000096
IOCB0                             00000000
IOCB1                             00000001
IOCB2                             00000002
IOCB3                             00000003
IOCB4                             00000004
IOCB5                             00000005
IOCB6                             00000006
IOCB7                             00000007
IRCF0                             00000004
IRCF1                             00000005
IRCF2                             00000006
IRP                               00000007
LEC_EEPROM                        000000D0
LEC_POTX                          0000008F
LEC_POTY                          0000009A
LEDS                              000000E1
LENTO                             000000F2
LOOP                              0000000D
LTS                               00000001
MC1OUT                            00000007
MC2OUT                            00000006
MOT                               0000000F
MOTORDC                           000000E6
MSK                               00000093
MSK0                              00000000
MSK1                              00000001
MSK2                              00000002
MSK3                              00000003
MSK4                              00000004
MPASM 5.77                       NAVIDAD.ASM   11-26-2020  1:29:48         PAGE 14


SYMBOL TABLE
  LABEL                             VALUE 

MSK5                              00000005
MSK6                              00000006
MSK7                              00000007
NOT_A                             00000005
NOT_ADDRESS                       00000005
NOT_BO                            00000000
NOT_BOR                           00000000
NOT_DONE                          00000001
NOT_PD                            00000003
NOT_POR                           00000001
NOT_RBPU                          00000007
NOT_RC8                           00000006
NOT_T1SYNC                        00000002
NOT_TO                            00000004
NOT_TX8                           00000006
NOT_W                             00000002
NOT_WRITE                         00000002
NO_SIGN                           000000FA
NUMERO                            00000014
NUMERO2                           00000002
OERR                              00000001
OPTION_REG                        00000081
OSCCON                            0000008F
OSCTUNE                           00000090
OSFIE                             00000007
OSFIF                             00000007
OSTS                              00000003
P                                 00000004
P1M0                              00000006
P1M1                              00000007
PCL                               00000002
PCLATH                            0000000A
PCON                              0000008E
PDC0                              00000000
PDC1                              00000001
PDC2                              00000002
PDC3                              00000003
PDC4                              00000004
PDC5                              00000005
PDC6                              00000006
PEIE                              00000006
PEN                               00000002
PIE1                              0000008C
PIE2                              0000008D
PIR1                              0000000C
PIR2                              0000000D
PORTA                             00000005
PORTB                             00000006
PORTC                             00000007
PORTD                             00000008
PORTE                             00000009
PR2                               00000092
PRSEN                             00000007
MPASM 5.77                       NAVIDAD.ASM   11-26-2020  1:29:48         PAGE 15


SYMBOL TABLE
  LABEL                             VALUE 

PS0                               00000000
PS1                               00000001
PS2                               00000002
PSA                               00000003
PSSAC0                            00000002
PSSAC1                            00000003
PSSBD0                            00000000
PSSBD1                            00000001
PSTRCON                           0000009D
PULSR                             00000002
PULSS                             00000003
PWM1CON                           0000009B
PWM_H                             000000FB
PWM_H2                            000000FC
PWM_L                             000000FF
PWM_L2                            00000105
R                                 00000002
RA0                               00000000
RA1                               00000001
RA2                               00000002
RA3                               00000003
RA4                               00000004
RA5                               00000005
RA6                               00000006
RA7                               00000007
RAPIDO                            000000F5
RB0                               00000000
RB1                               00000001
RB2                               00000002
RB3                               00000003
RB4                               00000004
RB5                               00000005
RB6                               00000006
RB7                               00000007
RBIE                              00000003
RBIF                              00000000
RC0                               00000000
RC1                               00000001
RC2                               00000002
RC3                               00000003
RC4                               00000004
RC5                               00000005
RC6                               00000006
RC7                               00000007
RC8_9                             00000006
RC9                               00000006
RCD8                              00000000
RCEN                              00000003
RCIDL                             00000006
RCIE                              00000005
RCIF                              00000005
RCREG                             0000001A
RCSTA                             00000018
MPASM 5.77                       NAVIDAD.ASM   11-26-2020  1:29:48         PAGE 16


SYMBOL TABLE
  LABEL                             VALUE 

RD                                00000000
RD0                               00000000
RD1                               00000001
RD2                               00000002
RD3                               00000003
RD4                               00000004
RD5                               00000005
RD6                               00000006
RD7                               00000007
RE0                               00000000
RE1                               00000001
RE2                               00000002
RE3                               00000003
READ_WRITE                        00000002
RECIBIR2                          00000077
RP0                               00000005
RP1                               00000006
RSEN                              00000001
RX9                               00000006
RX9D                              00000000
R_NOT_W                           00000002
R_W                               00000002
S                                 00000003
SBOREN                            00000004
SCKP                              00000004
SCS                               00000000
SEL_ENVIO                         000000A4
SEL_RECIBIR                       00000075
SEN                               00000000
SENDB                             00000003
SETUP                             00000000
SIGN                              000000F8
SIGUE                             0000001C
SMP                               00000007
SPBRG                             00000099
SPBRGH                            0000009A
SPEN                              00000007
SR0                               00000006
SR1                               00000007
SRCON                             00000185
SREN                              00000005
SSPADD                            00000093
SSPBUF                            00000013
SSPCON                            00000014
SSPCON2                           00000091
SSPEN                             00000005
SSPIE                             00000003
SSPIF                             00000003
SSPM0                             00000000
SSPM1                             00000001
SSPM2                             00000002
SSPM3                             00000003
SSPMSK                            00000093
MPASM 5.77                       NAVIDAD.ASM   11-26-2020  1:29:48         PAGE 17


SYMBOL TABLE
  LABEL                             VALUE 

SSPOV                             00000006
SSPSTAT                           00000094
STATUS                            00000003
STATUS_TEMP                       00000011
STRA                              00000000
STRB                              00000001
STRC                              00000002
STRD                              00000003
STRSYNC                           00000004
SWDTEN                            00000000
SYNC                              00000004
T0CS                              00000005
T0IE                              00000005
T0IF                              00000002
T0SE                              00000004
T1CKPS0                           00000004
T1CKPS1                           00000005
T1CON                             00000010
T1GINV                            00000007
T1GIV                             00000007
T1GSS                             00000001
T1INSYNC                          00000002
T1OSCEN                           00000003
T1SYNC                            00000002
T2CKPS0                           00000000
T2CKPS1                           00000001
T2CON                             00000012
TEMPO_1                           00000108
TEMPO_2                           0000010A
TEMPO_3                           0000010C
TMR0                              00000001
TMR0IE                            00000005
TMR0IF                            00000002
TMR1                              0000000E
TMR1CS                            00000001
TMR1GE                            00000006
TMR1H                             0000000F
TMR1IE                            00000000
TMR1IF                            00000000
TMR1L                             0000000E
TMR1ON                            00000000
TMR2                              00000011
TMR2IE                            00000001
TMR2IF                            00000001
TMR2ON                            00000002
TOUTPS0                           00000003
TOUTPS1                           00000004
TOUTPS2                           00000005
TOUTPS3                           00000006
TRISA                             00000085
TRISA0                            00000000
TRISA1                            00000001
TRISA2                            00000002
MPASM 5.77                       NAVIDAD.ASM   11-26-2020  1:29:48         PAGE 18


SYMBOL TABLE
  LABEL                             VALUE 

TRISA3                            00000003
TRISA4                            00000004
TRISA5                            00000005
TRISA6                            00000006
TRISA7                            00000007
TRISB                             00000086
TRISB0                            00000000
TRISB1                            00000001
TRISB2                            00000002
TRISB3                            00000003
TRISB4                            00000004
TRISB5                            00000005
TRISB6                            00000006
TRISB7                            00000007
TRISC                             00000087
TRISC0                            00000000
TRISC1                            00000001
TRISC2                            00000002
TRISC3                            00000003
TRISC4                            00000004
TRISC5                            00000005
TRISC6                            00000006
TRISC7                            00000007
TRISD                             00000088
TRISD0                            00000000
TRISD1                            00000001
TRISD2                            00000002
TRISD3                            00000003
TRISD4                            00000004
TRISD5                            00000005
TRISD6                            00000006
TRISD7                            00000007
TRISE                             00000089
TRISE0                            00000000
TRISE1                            00000001
TRISE2                            00000002
TRISE3                            00000003
TRMT                              00000001
TUN0                              00000000
TUN1                              00000001
TUN2                              00000002
TUN3                              00000003
TUN4                              00000004
TX8_9                             00000006
TX9                               00000006
TX9D                              00000000
TXD8                              00000000
TXEN                              00000005
TXIE                              00000004
TXIF                              00000004
TXREG                             00000019
TXSTA                             00000098
UA                                00000001
MPASM 5.77                       NAVIDAD.ASM   11-26-2020  1:29:48         PAGE 19


SYMBOL TABLE
  LABEL                             VALUE 

ULPWUE                            00000005
ULPWUIE                           00000002
ULPWUIF                           00000002
VCFG0                             00000004
VCFG1                             00000005
VIENE                             0000000C
VR0                               00000000
VR1                               00000001
VR2                               00000002
VR3                               00000003
VRCON                             00000097
VREN                              00000007
VROE                              00000006
VRR                               00000005
VRSS                              00000004
VarT1H                            00000012
VarT1L                            00000013
W                                 00000000
WCOL                              00000007
WDTCON                            00000105
WDTPS0                            00000001
WDTPS1                            00000002
WDTPS2                            00000003
WDTPS3                            00000004
WPUB                              00000095
WPUB0                             00000000
WPUB1                             00000001
WPUB2                             00000002
WPUB3                             00000003
WPUB4                             00000004
WPUB5                             00000005
WPUB6                             00000006
WPUB7                             00000007
WR                                00000001
WREN                              00000002
WRERR                             00000003
WUE                               00000001
W_TEMP                            00000010
XCOR                              00000008
YCOR                              00000009
YVIENE                            0000000D
Z                                 00000002
_BOR21V                           00003EFF
_BOR40V                           00003FFF
_BOR4V_BOR21V                     00003EFF
_BOR4V_BOR40V                     00003FFF
_BOREN_NSLEEP                     00003EFF
_BOREN_OFF                        00003CFF
_BOREN_ON                         00003FFF
_BOREN_SBODEN                     00003DFF
_BOR_NSLEEP                       00003EFF
_BOR_OFF                          00003CFF
_BOR_ON                           00003FFF
MPASM 5.77                       NAVIDAD.ASM   11-26-2020  1:29:48         PAGE 20


SYMBOL TABLE
  LABEL                             VALUE 

_BOR_SBODEN                       00003DFF
_CONFIG1                          00002007
_CONFIG2                          00002008
_CPD_OFF                          00003FFF
_CPD_ON                           00003F7F
_CP_OFF                           00003FFF
_CP_ON                            00003FBF
_DEBUG_OFF                        00003FFF
_DEBUG_ON                         00001FFF
_DEVID1                           00002006
_EC_OSC                           00003FFB
_EXTRC                            00003FFF
_EXTRCIO                          00003FFE
_EXTRC_OSC_CLKOUT                 00003FFF
_EXTRC_OSC_NOCLKOUT               00003FFE
_FCMEN_OFF                        000037FF
_FCMEN_ON                         00003FFF
_FOSC_EC                          00003FFB
_FOSC_EXTRC_CLKOUT                00003FFF
_FOSC_EXTRC_NOCLKOUT              00003FFE
_FOSC_HS                          00003FFA
_FOSC_INTRC_CLKOUT                00003FFD
_FOSC_INTRC_NOCLKOUT              00003FFC
_FOSC_LP                          00003FF8
_FOSC_XT                          00003FF9
_HS_OSC                           00003FFA
_IDLOC0                           00002000
_IDLOC1                           00002001
_IDLOC2                           00002002
_IDLOC3                           00002003
_IESO_OFF                         00003BFF
_IESO_ON                          00003FFF
_INTOSC                           00003FFD
_INTOSCIO                         00003FFC
_INTRC_OSC_CLKOUT                 00003FFD
_INTRC_OSC_NOCLKOUT               00003FFC
_LP_OSC                           00003FF8
_LVP_OFF                          00002FFF
_LVP_ON                           00003FFF
_MAIN_PROG_006D                   0000006D
_MAIN_PROG_0095                   00000095
_MAIN_PROG_00A0                   000000A0
_MCLRE_OFF                        00003FDF
_MCLRE_ON                         00003FFF
_PWRTE_OFF                        00003FFF
_PWRTE_ON                         00003FEF
_WDTE_OFF                         00003FF7
_WDTE_ON                          00003FFF
_WDT_OFF                          00003FF7
_WDT_ON                           00003FFF
_WRT_1FOURTH                      00003BFF
_WRT_256                          00003DFF
_WRT_HALF                         000039FF
MPASM 5.77                       NAVIDAD.ASM   11-26-2020  1:29:48         PAGE 21


SYMBOL TABLE
  LABEL                             VALUE 

_WRT_OFF                          00003FFF
_XT_OSC                           00003FF9
__16F887                          00000001

Errors   :     0
Warnings :     1 reported,     0 suppressed
Messages :    35 reported,     0 suppressed

