MPASM 5.77                    ETCHSKETCH.ASM   10-25-2020  12:41:31         PAGE  1


LOC  OBJECT CODE     LINE SOURCE TEXT
  VALUE

                      00001 ;*******************************************************************************                        
                                                                                                                            
                      00002 ;*******************************************************************************
                      00003 ;                                                                              
                      00004 ;    Filename: Laboratorio 7                                                               
                      00005 ;    Date: Oct 2020                                                                                     
                                                                 
                      00006 ;    Author: Cuellar                                                           
                      00007 ;    Company: UVG                                                              
                      00008 ;    Description: LAB7                                                                                  
                                                                           
                      00009 #include "p16f887.inc"
                      00001         LIST
                      00002 
                      00003 ;==========================================================================
                      00004 ; Build date : Nov 22 2017
                      00005 ;  MPASM PIC16F887 processor include
                      00006 ; 
                      00007 ;  (c) Copyright 1999-2017 Microchip Technology, All rights reserved
                      00008 ;==========================================================================
                      00009 
                      00810         LIST
                      00010 
                      00011 ; CONFIG1
                      00012 ; __config 0xE0D4
2007   20D4           00013  __CONFIG _CONFIG1, _FOSC_INTRC_NOCLKOUT & _WDTE_OFF & _PWRTE_OFF & _MCLRE_OFF & _CP_OFF & _CPD_OFF & _B
                            OREN_OFF & _IESO_OFF & _FCMEN_OFF & _LVP_OFF
                      00014 ; CONFIG2
                      00015 ; __config 0xFFFF
2008   3FFF           00016  __CONFIG _CONFIG2, _BOR4V_BOR40V & _WRT_OFF
                      00017  
                      00018 ;#####VARIABLES####
                      00019 GPR UDATA
0000                  00020 ADC_VAL RES 1
0001                  00021 ADC_VAL2 RES 1
0002                  00022 DECODE  RES 1
0003                  00023 DECODE2 RES 1
0004                  00024 DECODE3 RES 1
0005                  00025 DECODE4 RES 1
0006                  00026 CONT1   RES 1
0007                  00027 CONT2   RES 1
0008                  00028 W_TEMP  RES 1
0009                  00029 STATUS_TEMP RES 1
000A                  00030 XCOR    RES 1
000B                  00031 XCOR2   RES 1
000C                  00032 YCOR    RES 1
000D                  00033 BAND    RES 1
                      00034  
                      00035 ;####RESET VECTOR####
                      00036 RES_VECT  CODE    0x0000            ; processor reset vector
0000   2???           00037     GOTO    SETUP                   ; go to beginning of program
                      00038 
                      00039 ;####INTERRUPT####
MPASM 5.77                    ETCHSKETCH.ASM   10-25-2020  12:41:31         PAGE  2


LOC  OBJECT CODE     LINE SOURCE TEXT
  VALUE

                      00040 ;ISR_VEC CODE 0X004 
                      00041 ; PUSH:
                      00042 ;    BCF   INTCON, GIE
                      00043 ;    MOVWF W_TEMP
                      00044 ;    SWAPF STATUS, W
                      00045 ;    MOVWF STATUS_TEMP
                      00046 ;ISR:
                      00047 ;    BTFSC   PIR1, ADIF
                      00048 ;    CALL    INT_ADC
                      00049 ;    BTSC    PIR1, RCIF
                      00050 ;    CALL    INT_REC
                      00051 ;
                      00052 ;POP:
                      00053 ;    SWAPF STATUS_TEMP, W
                      00054 ;    MOVWF STATUS 
                      00055 ;    SWAPF W_TEMP, F
                      00056 ;    SWAPF W_TEMP, W
                      00057 ;    BSF   INTCON, GIE 
                      00058 ;    RETFIE   
                      00059 ;####TABLAS####
                      00060 ;Tabla para decodificar valores binarios hacia el display de 7 seg
0001                  00061 TABLA_7SEG
0001   390F           00062     ANDLW B'00001111'
Message[305]: Using default destination of 1 (file).
0002   0782           00063     ADDWF PCL
0003   343F           00064     RETLW   B'000111111' ;O
0004   3406           00065     RETLW   B'000000110' ;1
0005   345B           00066     RETLW   B'001011011' ;2
0006   344F           00067     RETLW   B'001001111' ;3
0007   3466           00068     RETLW   B'01100110' ;4
0008   346D           00069     RETLW   B'01101101' ;5
0009   347D           00070     RETLW   B'01111101' ;6
000A   3407           00071     RETLW   B'00000111' ;7
000B   347F           00072     RETLW   B'01111111' ;8
000C   3467           00073     RETLW   B'01100111' ;9
000D   3477           00074     RETLW   B'01110111' ;A
000E   347C           00075     RETLW   B'01111100' ;b
000F   3439           00076     RETLW   B'00111001' ;C
0010   345E           00077     RETLW   B'01011110' ;d
0011   3479           00078     RETLW   B'01111001' ;E
0012   3471           00079     RETLW   B'01110001' ;F
                      00080     
                      00081     
                      00082 MAIN_PROG CODE                      ; let linker place main program
0000                  00083 SETUP:
0000   2???           00084     CALL CONFIG_IO
0001   2???           00085     CALL CONFIG_ADC
0002   2???           00086     CALL CONFIG_TXRX
0003   01??           00087     CLRF BAND
0004   01??           00088     CLRF XCOR
0005   01??           00089     CLRF YCOR
0006   1400           00090     BSF  BAND, 0
                      00091     
MPASM 5.77                    ETCHSKETCH.ASM   10-25-2020  12:41:31         PAGE  3


LOC  OBJECT CODE     LINE SOURCE TEXT
  VALUE

                      00092 ;####EMPIEZA MAINLOOP####     
0007                  00093 LOOP:
0007   2???           00094     CALL    LEC_POTX
0008   2???           00095     CALL    CALC_X
0009   2???           00096     CALL    DELAY_AQ
000A   2???           00097     CALL    LEC_POTY
000B   2???           00098     CALL    CALC_Y
000C   2???           00099     CALL    ENVIO
000D   2???           00100     CALL    RECIBIR
                      00101     
                      00102 ;###########################################
                      00103     
                      00104     
000E   2???           00105     CALL    ENVIO2
000F   2???           00106     CALL    RECIBIR2 
                      00107 ;########################################    
                      00108     
                      00109     
0010   2???           00110     CALL SEG7
                      00111     
                      00112     
0011   2???           00113     GOTO    LOOP                         ; loop forever
                      00114     
                      00115 ;####SETUPS####
0012                  00116 CONFIG_IO:
0012   1683 1703      00117     BANKSEL ANSEL
Message[302]: Register in operand not in bank 0.  Ensure that bank bits are correct.
0014   0188           00118     CLRF    ANSEL
Message[305]: Using default destination of 1 (file).
Message[302]: Register in operand not in bank 0.  Ensure that bank bits are correct.
0015   0988           00119     COMF    ANSEL
0016   1683 1303      00120     BANKSEL TRISA
Message[302]: Register in operand not in bank 0.  Ensure that bank bits are correct.
0018   0185           00121     CLRF    TRISA
Message[305]: Using default destination of 1 (file).
Message[302]: Register in operand not in bank 0.  Ensure that bank bits are correct.
0019   0985           00122     COMF    TRISA
Message[302]: Register in operand not in bank 0.  Ensure that bank bits are correct.
001A   0188           00123     CLRF    TRISD
Message[302]: Register in operand not in bank 0.  Ensure that bank bits are correct.
001B   0186           00124     CLRF    TRISB
Message[302]: Register in operand not in bank 0.  Ensure that bank bits are correct.
001C   0187           00125     CLRF    TRISC
001D   1283 1303      00126     BANKSEL PORTD
001F   0185           00127     CLRF    PORTA
0020   0188           00128     CLRF    PORTD
0021   0186           00129     CLRF    PORTB
0022   0187           00130     CLRF    PORTC
0023   0008           00131     RETURN
                      00132     
0024                  00133 CONFIG_ADC:
0024   1683 1303      00134     BANKSEL ADCON1
0026   3000           00135     MOVLW   B'00000000'
MPASM 5.77                    ETCHSKETCH.ASM   10-25-2020  12:41:31         PAGE  4


LOC  OBJECT CODE     LINE SOURCE TEXT
  VALUE

Message[302]: Register in operand not in bank 0.  Ensure that bank bits are correct.
0027   009F           00136     MOVWF   ADCON1
0028   1283 1303      00137     BANKSEL ADCON0
002A   3041           00138     MOVLW   B'01000001'
002B   009F           00139     MOVWF   ADCON0
002C   0008           00140     RETURN
                      00141     
002D                  00142 CONFIG_ADC2:
002D   1683 1303      00143     BANKSEL ADCON1
002F   3000           00144     MOVLW   B'00000000'
Message[302]: Register in operand not in bank 0.  Ensure that bank bits are correct.
0030   009F           00145     MOVWF   ADCON1
0031   1283 1303      00146     BANKSEL ADCON0
0033   3049           00147     MOVLW   B'01001001'
0034   009F           00148     MOVWF   ADCON0
0035   0008           00149     RETURN
                      00150     
0036                  00151 CONFIG_TXRX:
0036   1683 1303      00152     BANKSEL TXSTA
Message[302]: Register in operand not in bank 0.  Ensure that bank bits are correct.
0038   1218           00153     BCF     TXSTA, SYNC
Message[302]: Register in operand not in bank 0.  Ensure that bank bits are correct.
0039   1518           00154     BSF     TXSTA, BRGH
003A   1683 1703      00155     BANKSEL BAUDCTL
Message[302]: Register in operand not in bank 0.  Ensure that bank bits are correct.
003C   1587           00156     BSF     BAUDCTL, BRG16
003D   1683 1303      00157     BANKSEL SPBRG
003F   3019           00158     MOVLW   .25
Message[302]: Register in operand not in bank 0.  Ensure that bank bits are correct.
0040   0099           00159     MOVWF   SPBRG
Message[302]: Register in operand not in bank 0.  Ensure that bank bits are correct.
0041   019A           00160     CLRF    SPBRGH
0042   1283 1303      00161     BANKSEL RCSTA
0044   1798           00162     BSF     RCSTA, SPEN
0045   1318           00163     BCF     RCSTA, RX9
0046   1618           00164     BSF     RCSTA, CREN
0047   1683 1303      00165     BANKSEL TXSTA
Message[302]: Register in operand not in bank 0.  Ensure that bank bits are correct.
0049   1698           00166     BSF     TXSTA, TXEN
004A   1283 1303      00167     BANKSEL PORTA
004C   0008           00168     RETURN
                      00169     
                      00170     
004D                  00171 DELAY_AQ:
004D   0000           00172     NOP
004E   0000           00173     NOP
004F   0000           00174     NOP
0050   0000           00175     NOP
0051   0000           00176     NOP
0052   0000           00177     NOP
0053   0000           00178     NOP
0054   0000           00179     NOP
0055   0000           00180     NOP
MPASM 5.77                    ETCHSKETCH.ASM   10-25-2020  12:41:31         PAGE  5


LOC  OBJECT CODE     LINE SOURCE TEXT
  VALUE

0056   0000           00181     NOP
0057   0008           00182     RETURN
                      00183     
0058                  00184 DELAY_SMALL
0058   300A           00185     MOVLW .10
0059   08??           00186     MOVFW CONT1
005A   0B??           00187     DECFSZ CONT1, F
005B   2???           00188                GOTO $-1 ;IR A PC - 1, REGRESAR A DECFSZ
005C   0008           00189  RETURN
                      00190  
005D                  00191 DELAY_MULTPLX
005D   300A           00192     MOVLW .10
005E   00??           00193     MOVWF CONT2
005F                  00194 CONFIG1:    
005F   2???           00195     CALL DELAY_SMALL
0060   0B??           00196     DECFSZ CONT2, F
0061   2???           00197     GOTO CONFIG1
0062   0008           00198     RETURN
                      00199     
                      00200 
0063                  00201 RECIBIR:
0063   1E8C           00202     BTFSS   PIR1, RCIF
0064   0008           00203     RETURN
0065   081A           00204     MOVF    RCREG, W
0066   00??           00205     MOVWF   DECODE
0067   00??           00206     MOVWF   DECODE2
0068   0008           00207     RETURN
                      00208     
0069                  00209 ENVIO:
0069   1E0C           00210     BTFSS   PIR1, TXIF
006A   0008           00211     RETURN
006B   08??           00212     MOVFW   XCOR
006C   0099           00213     MOVWF   TXREG
006D   0008           00214     RETURN
                      00215     
006E                  00216 RECIBIR2:
006E   1E8C           00217     BTFSS   PIR1, RCIF
006F   0008           00218     RETURN
0070   081A           00219     MOVF    RCREG, W
0071   00??           00220     MOVWF   DECODE3
0072   00??           00221     MOVWF   DECODE4
0073   0008           00222     RETURN
                      00223     
0074                  00224 ENVIO2:
0074   1E0C           00225     BTFSS   PIR1, TXIF
0075   0008           00226     RETURN
0076   08??           00227     MOVFW   YCOR
0077   0099           00228     MOVWF   TXREG
0078   0008           00229     RETURN
                      00230     
0079                  00231 SEG7:
0079   0186           00232     CLRF PORTB
007A   1488           00233     BSF PORTD, 1
MPASM 5.77                    ETCHSKETCH.ASM   10-25-2020  12:41:31         PAGE  6


LOC  OBJECT CODE     LINE SOURCE TEXT
  VALUE

007B   1108           00234     BCF PORTD, 2
007C   1188           00235     BCF PORTD, 3
007D   1208           00236     BCF PORTD, 4
007E   08??           00237     MOVF DECODE, W
007F   2???           00238     CALL TABLA_7SEG
0080   0086           00239     MOVWF PORTB
0081   2???           00240     CALL DELAY_MULTPLX
                      00241     
0082   0186           00242     CLRF PORTB
0083   1088           00243     BCF PORTD, 1
0084   1508           00244     BSF PORTD, 2
0085   1188           00245     BCF PORTD, 3
0086   1208           00246     BCF PORTD, 4
0087   0E??           00247     SWAPF DECODE2, W
0088   00??           00248     MOVWF DECODE2
0089   2???           00249     CALL TABLA_7SEG
008A   0086           00250     MOVWF PORTB
008B   2???           00251     CALL DELAY_MULTPLX
                      00252     
008C   0186           00253     CLRF PORTB
008D   1088           00254     BCF PORTD, 1
008E   1108           00255     BCF PORTD, 2
008F   1588           00256     BSF PORTD, 3
0090   1208           00257     BCF PORTD, 4
0091   08??           00258     MOVF DECODE3, W
0092   2???           00259     CALL TABLA_7SEG
0093   0086           00260     MOVWF PORTB
0094   2???           00261     CALL DELAY_MULTPLX
                      00262     
0095   0186           00263     CLRF PORTB
0096   1088           00264     BCF PORTD, 1
0097   1108           00265     BCF PORTD, 2
0098   1188           00266     BCF PORTD, 3
0099   1608           00267     BSF PORTD, 4
009A   0E??           00268     SWAPF DECODE4, W
009B   00??           00269     MOVWF DECODE4
009C   2???           00270     CALL TABLA_7SEG
009D   0086           00271     MOVWF PORTB
009E   2???           00272     CALL DELAY_MULTPLX
                      00273     
009F   0008           00274     RETURN
                      00275     
00A0                  00276 CALC_X:
00A0   30BF           00277     MOVLW   .191
00A1   02??           00278     SUBWF   ADC_VAL, W
00A2   1C03           00279     BTFSS   STATUS, C
00A3   2???           00280     GOTO    CALC2_X
00A4   3034           00281     MOVLW   0X34
00A5   00??           00282     MOVWF   XCOR
00A6   0008           00283     RETURN
00A7                  00284 CALC2_X:
00A7   308F           00285     MOVLW   .143
00A8   02??           00286     SUBWF   ADC_VAL, W
MPASM 5.77                    ETCHSKETCH.ASM   10-25-2020  12:41:31         PAGE  7


LOC  OBJECT CODE     LINE SOURCE TEXT
  VALUE

00A9   1C03           00287     BTFSS   STATUS, C
00AA   2???           00288     GOTO    CALC3_X
00AB   3033           00289     MOVLW   0X33
00AC   00??           00290     MOVWF   XCOR
00AD   0008           00291     RETURN
00AE                  00292 CALC3_X:
00AE   306F           00293     MOVLW   .111
00AF   02??           00294     SUBWF   ADC_VAL, W
00B0   1C03           00295     BTFSS   STATUS, C
00B1   2???           00296     GOTO    CALC4_X
00B2   3032           00297     MOVLW   0X32
00B3   00??           00298     MOVWF   XCOR
00B4   0008           00299     RETURN
00B5                  00300 CALC4_X:
00B5   303F           00301     MOVLW   .63
00B6   02??           00302     SUBWF   ADC_VAL, W
00B7   1C03           00303     BTFSS   STATUS, C
00B8   2???           00304     GOTO    CALC5_X
00B9   3031           00305     MOVLW   0X31
00BA   00??           00306     MOVWF   XCOR
00BB   0008           00307     RETURN
00BC                  00308 CALC5_X:
00BC   3030           00309     MOVLW   0X30
00BD   00??           00310     MOVWF   XCOR
00BE   0008           00311     RETURN
                      00312     
00BF                  00313 CALC_Y:
00BF   30BF           00314     MOVLW   .191
00C0   02??           00315     SUBWF   ADC_VAL2, W
00C1   1C03           00316     BTFSS   STATUS, C
00C2   2???           00317     GOTO    CALC2_Y
00C3   3034           00318     MOVLW   0X34
00C4   00??           00319     MOVWF   YCOR
00C5   0008           00320     RETURN
00C6                  00321 CALC2_Y:
00C6   308F           00322     MOVLW   .143
00C7   02??           00323     SUBWF   ADC_VAL2, W
00C8   1C03           00324     BTFSS   STATUS, C
00C9   2???           00325     GOTO    CALC3_Y
00CA   3033           00326     MOVLW   0X33
00CB   00??           00327     MOVWF   YCOR
00CC   0008           00328     RETURN
00CD                  00329 CALC3_Y:
00CD   306F           00330     MOVLW   .111
00CE   02??           00331     SUBWF   ADC_VAL2, W
00CF   1C03           00332     BTFSS   STATUS, C
00D0   2???           00333     GOTO    CALC4_Y
00D1   3032           00334     MOVLW   0X32
00D2   00??           00335     MOVWF   YCOR
00D3   0008           00336     RETURN
00D4                  00337 CALC4_Y:
00D4   303F           00338     MOVLW   .63
00D5   02??           00339     SUBWF   ADC_VAL2, W
MPASM 5.77                    ETCHSKETCH.ASM   10-25-2020  12:41:31         PAGE  8


LOC  OBJECT CODE     LINE SOURCE TEXT
  VALUE

00D6   1C03           00340     BTFSS   STATUS, C
00D7   2???           00341     GOTO    CALC5_Y
00D8   3031           00342     MOVLW   0X31
00D9   00??           00343     MOVWF   YCOR
00DA   0008           00344     RETURN
00DB                  00345 CALC5_Y:
00DB   3030           00346     MOVLW   0X30
00DC   00??           00347     MOVWF   YCOR
00DD   0008           00348     RETURN
                      00349     
00DE                  00350 LEC_POTX:
00DE   2???           00351     CALL    CONFIG_ADC
00DF   1283 1303      00352     BANKSEL PORTA
00E1   2???           00353     CALL    DELAY_AQ
00E2   149F           00354     BSF     ADCON0, GO
00E3   189F           00355     BTFSC   ADCON0, GO
00E4   2???           00356     GOTO    $-1
00E5   081E           00357     MOVF    ADRESH, W
00E6   00??           00358     MOVWF   ADC_VAL
                      00359     ;MOVWF   DECODE
                      00360     ;MOVWF   DECODE2
00E7   0008           00361     RETURN
                      00362     
00E8                  00363 LEC_POTY:
00E8   2???           00364     CALL    CONFIG_ADC2
00E9   1283 1303      00365     BANKSEL PORTA
00EB   2???           00366     CALL    DELAY_AQ
00EC   149F           00367     BSF     ADCON0, GO
00ED   189F           00368     BTFSC   ADCON0, GO
00EE   2???           00369     GOTO    $-1
00EF   081E           00370     MOVF    ADRESH, W
00F0   00??           00371     MOVWF   ADC_VAL2
                      00372     ;MOVWF   DECODE
                      00373     ;MOVWF   DECODE2
00F1   0008           00374     RETURN
                      00375     
                      00376 ;SEL_ENVIO:
                      00377 ;    BTFSC   BAND, 0
                      00378 ;    GOTO    ENVIO1
                      00379 ;    BTFSC   BAND, 1
                      00380 ;    GOTO    ENVIO2
                      00381 ;    BTFSC   BAND, 2
                      00382 ;    GOTO    ENVIO3
                      00383 ;    BTFSC   BAND, 3
                      00384 ;    GOTO    ENVIO4
                      00385 ;    BTFSC   BAND, 4
                      00386 ;    GOTO    ENVIO5
                      00387 ;    RETURN
                      00388 ;    
                      00389 ;ENVIO1:
                      00390 ;    BCF     BAND, 0
                      00391 ;    BSF     BAND, 1
                      00392 ;    BTFSS   PIR1, TXIF
MPASM 5.77                    ETCHSKETCH.ASM   10-25-2020  12:41:31         PAGE  9


LOC  OBJECT CODE     LINE SOURCE TEXT
  VALUE

                      00393 ;    RETURN
                      00394 ;    MOVWF   XCOR
                      00395 ;    MOVWF   TXREG
                      00396 ;    RETURN
                      00397 ;ENVIO2:
                      00398 ;    BCF     BAND, 1
                      00399 ;    BSF     BAND, 2
                      00400 ;    BTFSS   PIR1, TXIF
                      00401 ;    RETURN
                      00402 ;    MOVLW   .5
                      00403 ;    MOVWF   TXREG
                      00404 ;    RETURN    
                      00405 
20D4 3FFF             00406     END
MPASM 5.77                    ETCHSKETCH.ASM   10-25-2020  12:41:31         PAGE 10


SYMBOL TABLE
  LABEL                             VALUE 

ABDEN                             00000000
ABDOVF                            00000007
ACKDT                             00000005
ACKEN                             00000004
ACKSTAT                           00000006
ADCON0                            0000001F
ADCON1                            0000009F
ADCS0                             00000006
ADCS1                             00000007
ADC_VAL                           00000000
ADC_VAL2                          00000001
ADDEN                             00000003
ADFM                              00000007
ADIE                              00000006
ADIF                              00000006
ADON                              00000000
ADRESH                            0000001E
ADRESL                            0000009E
ANS0                              00000000
ANS1                              00000001
ANS10                             00000002
ANS11                             00000003
ANS12                             00000004
ANS13                             00000005
ANS2                              00000002
ANS3                              00000003
ANS4                              00000004
ANS5                              00000005
ANS6                              00000006
ANS7                              00000007
ANS8                              00000000
ANS9                              00000001
ANSEL                             00000188
ANSELH                            00000189
BAND                              0000000D
BAUDCTL                           00000187
BCLIE                             00000003
BCLIF                             00000003
BF                                00000000
BRG0                              00000000
BRG1                              00000001
BRG10                             00000002
BRG11                             00000003
BRG12                             00000004
BRG13                             00000005
BRG14                             00000006
BRG15                             00000007
BRG16                             00000003
BRG2                              00000002
BRG3                              00000003
BRG4                              00000004
BRG5                              00000005
BRG6                              00000006
MPASM 5.77                    ETCHSKETCH.ASM   10-25-2020  12:41:31         PAGE 11


SYMBOL TABLE
  LABEL                             VALUE 

BRG7                              00000007
BRG8                              00000000
BRG9                              00000001
BRGH                              00000002
C                                 00000000
C1CH0                             00000000
C1CH1                             00000001
C1IE                              00000005
C1IF                              00000005
C1OE                              00000005
C1ON                              00000007
C1OUT                             00000006
C1POL                             00000004
C1R                               00000002
C1RSEL                            00000005
C1SEN                             00000005
C2CH0                             00000000
C2CH1                             00000001
C2IE                              00000006
C2IF                              00000006
C2OE                              00000005
C2ON                              00000007
C2OUT                             00000006
C2POL                             00000004
C2R                               00000002
C2REN                             00000004
C2RSEL                            00000004
C2SYNC                            00000000
CALC2_X                           000000A7
CALC2_Y                           000000C6
CALC3_X                           000000AE
CALC3_Y                           000000CD
CALC4_X                           000000B5
CALC4_Y                           000000D4
CALC5_X                           000000BC
CALC5_Y                           000000DB
CALC_X                            000000A0
CALC_Y                            000000BF
CCP1CON                           00000017
CCP1IE                            00000002
CCP1IF                            00000002
CCP1M0                            00000000
CCP1M1                            00000001
CCP1M2                            00000002
CCP1M3                            00000003
CCP1X                             00000005
CCP1Y                             00000004
CCP2CON                           0000001D
CCP2IE                            00000000
CCP2IF                            00000000
CCP2M0                            00000000
CCP2M1                            00000001
CCP2M2                            00000002
MPASM 5.77                    ETCHSKETCH.ASM   10-25-2020  12:41:31         PAGE 12


SYMBOL TABLE
  LABEL                             VALUE 

CCP2M3                            00000003
CCP2X                             00000005
CCP2Y                             00000004
CCPR1                             00000015
CCPR1H                            00000016
CCPR1L                            00000015
CCPR2                             0000001B
CCPR2H                            0000001C
CCPR2L                            0000001B
CHS0                              00000002
CHS1                              00000003
CHS2                              00000004
CHS3                              00000005
CKE                               00000006
CKP                               00000004
CM1CON0                           00000107
CM2CON0                           00000108
CM2CON1                           00000109
CONFIG1                           0000005F
CONFIG_ADC                        00000024
CONFIG_ADC2                       0000002D
CONFIG_IO                         00000012
CONFIG_TXRX                       00000036
CONT1                             00000006
CONT2                             00000007
CREN                              00000004
CSRC                              00000007
D                                 00000005
DATA_ADDRESS                      00000005
DC                                00000001
DC1B0                             00000004
DC1B1                             00000005
DC2B0                             00000004
DC2B1                             00000005
DECODE                            00000002
DECODE2                           00000003
DECODE3                           00000004
DECODE4                           00000005
DELAY_AQ                          0000004D
DELAY_MULTPLX                     0000005D
DELAY_SMALL                       00000058
D_A                               00000005
D_NOT_A                           00000005
ECCPAS                            0000009C
ECCPAS0                           00000004
ECCPAS1                           00000005
ECCPAS2                           00000006
ECCPASE                           00000007
EEADR                             0000010D
EEADRH                            0000010F
EECON1                            0000018C
EECON2                            0000018D
EEDAT                             0000010C
MPASM 5.77                    ETCHSKETCH.ASM   10-25-2020  12:41:31         PAGE 13


SYMBOL TABLE
  LABEL                             VALUE 

EEDATA                            0000010C
EEDATH                            0000010E
EEIE                              00000004
EEIF                              00000004
EEPGD                             00000007
ENVIO                             00000069
ENVIO2                            00000074
F                                 00000001
FERR                              00000002
FSR                               00000004
FVREN                             00000000
GCEN                              00000007
GIE                               00000007
GO                                00000001
GO_DONE                           00000001
GO_NOT_DONE                       00000001
HTS                               00000002
I2C_DATA                          00000005
I2C_READ                          00000002
I2C_START                         00000003
I2C_STOP                          00000004
INDF                              00000000
INTCON                            0000000B
INTE                              00000004
INTEDG                            00000006
INTF                              00000001
IOCB                              00000096
IOCB0                             00000000
IOCB1                             00000001
IOCB2                             00000002
IOCB3                             00000003
IOCB4                             00000004
IOCB5                             00000005
IOCB6                             00000006
IOCB7                             00000007
IRCF0                             00000004
IRCF1                             00000005
IRCF2                             00000006
IRP                               00000007
LEC_POTX                          000000DE
LEC_POTY                          000000E8
LOOP                              00000007
LTS                               00000001
MC1OUT                            00000007
MC2OUT                            00000006
MSK                               00000093
MSK0                              00000000
MSK1                              00000001
MSK2                              00000002
MSK3                              00000003
MSK4                              00000004
MSK5                              00000005
MSK6                              00000006
MPASM 5.77                    ETCHSKETCH.ASM   10-25-2020  12:41:31         PAGE 14


SYMBOL TABLE
  LABEL                             VALUE 

MSK7                              00000007
NOT_A                             00000005
NOT_ADDRESS                       00000005
NOT_BO                            00000000
NOT_BOR                           00000000
NOT_DONE                          00000001
NOT_PD                            00000003
NOT_POR                           00000001
NOT_RBPU                          00000007
NOT_RC8                           00000006
NOT_T1SYNC                        00000002
NOT_TO                            00000004
NOT_TX8                           00000006
NOT_W                             00000002
NOT_WRITE                         00000002
OERR                              00000001
OPTION_REG                        00000081
OSCCON                            0000008F
OSCTUNE                           00000090
OSFIE                             00000007
OSFIF                             00000007
OSTS                              00000003
P                                 00000004
P1M0                              00000006
P1M1                              00000007
PCL                               00000002
PCLATH                            0000000A
PCON                              0000008E
PDC0                              00000000
PDC1                              00000001
PDC2                              00000002
PDC3                              00000003
PDC4                              00000004
PDC5                              00000005
PDC6                              00000006
PEIE                              00000006
PEN                               00000002
PIE1                              0000008C
PIE2                              0000008D
PIR1                              0000000C
PIR2                              0000000D
PORTA                             00000005
PORTB                             00000006
PORTC                             00000007
PORTD                             00000008
PORTE                             00000009
PR2                               00000092
PRSEN                             00000007
PS0                               00000000
PS1                               00000001
PS2                               00000002
PSA                               00000003
PSSAC0                            00000002
MPASM 5.77                    ETCHSKETCH.ASM   10-25-2020  12:41:31         PAGE 15


SYMBOL TABLE
  LABEL                             VALUE 

PSSAC1                            00000003
PSSBD0                            00000000
PSSBD1                            00000001
PSTRCON                           0000009D
PULSR                             00000002
PULSS                             00000003
PWM1CON                           0000009B
R                                 00000002
RA0                               00000000
RA1                               00000001
RA2                               00000002
RA3                               00000003
RA4                               00000004
RA5                               00000005
RA6                               00000006
RA7                               00000007
RB0                               00000000
RB1                               00000001
RB2                               00000002
RB3                               00000003
RB4                               00000004
RB5                               00000005
RB6                               00000006
RB7                               00000007
RBIE                              00000003
RBIF                              00000000
RC0                               00000000
RC1                               00000001
RC2                               00000002
RC3                               00000003
RC4                               00000004
RC5                               00000005
RC6                               00000006
RC7                               00000007
RC8_9                             00000006
RC9                               00000006
RCD8                              00000000
RCEN                              00000003
RCIDL                             00000006
RCIE                              00000005
RCIF                              00000005
RCREG                             0000001A
RCSTA                             00000018
RD                                00000000
RD0                               00000000
RD1                               00000001
RD2                               00000002
RD3                               00000003
RD4                               00000004
RD5                               00000005
RD6                               00000006
RD7                               00000007
RE0                               00000000
MPASM 5.77                    ETCHSKETCH.ASM   10-25-2020  12:41:31         PAGE 16


SYMBOL TABLE
  LABEL                             VALUE 

RE1                               00000001
RE2                               00000002
RE3                               00000003
READ_WRITE                        00000002
RECIBIR                           00000063
RECIBIR2                          0000006E
RP0                               00000005
RP1                               00000006
RSEN                              00000001
RX9                               00000006
RX9D                              00000000
R_NOT_W                           00000002
R_W                               00000002
S                                 00000003
SBOREN                            00000004
SCKP                              00000004
SCS                               00000000
SEG7                              00000079
SEN                               00000000
SENDB                             00000003
SETUP                             00000000
SMP                               00000007
SPBRG                             00000099
SPBRGH                            0000009A
SPEN                              00000007
SR0                               00000006
SR1                               00000007
SRCON                             00000185
SREN                              00000005
SSPADD                            00000093
SSPBUF                            00000013
SSPCON                            00000014
SSPCON2                           00000091
SSPEN                             00000005
SSPIE                             00000003
SSPIF                             00000003
SSPM0                             00000000
SSPM1                             00000001
SSPM2                             00000002
SSPM3                             00000003
SSPMSK                            00000093
SSPOV                             00000006
SSPSTAT                           00000094
STATUS                            00000003
STATUS_TEMP                       00000009
STRA                              00000000
STRB                              00000001
STRC                              00000002
STRD                              00000003
STRSYNC                           00000004
SWDTEN                            00000000
SYNC                              00000004
T0CS                              00000005
MPASM 5.77                    ETCHSKETCH.ASM   10-25-2020  12:41:31         PAGE 17


SYMBOL TABLE
  LABEL                             VALUE 

T0IE                              00000005
T0IF                              00000002
T0SE                              00000004
T1CKPS0                           00000004
T1CKPS1                           00000005
T1CON                             00000010
T1GINV                            00000007
T1GIV                             00000007
T1GSS                             00000001
T1INSYNC                          00000002
T1OSCEN                           00000003
T1SYNC                            00000002
T2CKPS0                           00000000
T2CKPS1                           00000001
T2CON                             00000012
TABLA_7SEG                        00000001
TMR0                              00000001
TMR0IE                            00000005
TMR0IF                            00000002
TMR1                              0000000E
TMR1CS                            00000001
TMR1GE                            00000006
TMR1H                             0000000F
TMR1IE                            00000000
TMR1IF                            00000000
TMR1L                             0000000E
TMR1ON                            00000000
TMR2                              00000011
TMR2IE                            00000001
TMR2IF                            00000001
TMR2ON                            00000002
TOUTPS0                           00000003
TOUTPS1                           00000004
TOUTPS2                           00000005
TOUTPS3                           00000006
TRISA                             00000085
TRISA0                            00000000
TRISA1                            00000001
TRISA2                            00000002
TRISA3                            00000003
TRISA4                            00000004
TRISA5                            00000005
TRISA6                            00000006
TRISA7                            00000007
TRISB                             00000086
TRISB0                            00000000
TRISB1                            00000001
TRISB2                            00000002
TRISB3                            00000003
TRISB4                            00000004
TRISB5                            00000005
TRISB6                            00000006
TRISB7                            00000007
MPASM 5.77                    ETCHSKETCH.ASM   10-25-2020  12:41:31         PAGE 18


SYMBOL TABLE
  LABEL                             VALUE 

TRISC                             00000087
TRISC0                            00000000
TRISC1                            00000001
TRISC2                            00000002
TRISC3                            00000003
TRISC4                            00000004
TRISC5                            00000005
TRISC6                            00000006
TRISC7                            00000007
TRISD                             00000088
TRISD0                            00000000
TRISD1                            00000001
TRISD2                            00000002
TRISD3                            00000003
TRISD4                            00000004
TRISD5                            00000005
TRISD6                            00000006
TRISD7                            00000007
TRISE                             00000089
TRISE0                            00000000
TRISE1                            00000001
TRISE2                            00000002
TRISE3                            00000003
TRMT                              00000001
TUN0                              00000000
TUN1                              00000001
TUN2                              00000002
TUN3                              00000003
TUN4                              00000004
TX8_9                             00000006
TX9                               00000006
TX9D                              00000000
TXD8                              00000000
TXEN                              00000005
TXIE                              00000004
TXIF                              00000004
TXREG                             00000019
TXSTA                             00000098
UA                                00000001
ULPWUE                            00000005
ULPWUIE                           00000002
ULPWUIF                           00000002
VCFG0                             00000004
VCFG1                             00000005
VR0                               00000000
VR1                               00000001
VR2                               00000002
VR3                               00000003
VRCON                             00000097
VREN                              00000007
VROE                              00000006
VRR                               00000005
VRSS                              00000004
MPASM 5.77                    ETCHSKETCH.ASM   10-25-2020  12:41:31         PAGE 19


SYMBOL TABLE
  LABEL                             VALUE 

W                                 00000000
WCOL                              00000007
WDTCON                            00000105
WDTPS0                            00000001
WDTPS1                            00000002
WDTPS2                            00000003
WDTPS3                            00000004
WPUB                              00000095
WPUB0                             00000000
WPUB1                             00000001
WPUB2                             00000002
WPUB3                             00000003
WPUB4                             00000004
WPUB5                             00000005
WPUB6                             00000006
WPUB7                             00000007
WR                                00000001
WREN                              00000002
WRERR                             00000003
WUE                               00000001
W_TEMP                            00000008
XCOR                              0000000A
XCOR2                             0000000B
YCOR                              0000000C
Z                                 00000002
_BOR21V                           00003EFF
_BOR40V                           00003FFF
_BOR4V_BOR21V                     00003EFF
_BOR4V_BOR40V                     00003FFF
_BOREN_NSLEEP                     00003EFF
_BOREN_OFF                        00003CFF
_BOREN_ON                         00003FFF
_BOREN_SBODEN                     00003DFF
_BOR_NSLEEP                       00003EFF
_BOR_OFF                          00003CFF
_BOR_ON                           00003FFF
_BOR_SBODEN                       00003DFF
_CONFIG1                          00002007
_CONFIG2                          00002008
_CPD_OFF                          00003FFF
_CPD_ON                           00003F7F
_CP_OFF                           00003FFF
_CP_ON                            00003FBF
_DEBUG_OFF                        00003FFF
_DEBUG_ON                         00001FFF
_DEVID1                           00002006
_EC_OSC                           00003FFB
_EXTRC                            00003FFF
_EXTRCIO                          00003FFE
_EXTRC_OSC_CLKOUT                 00003FFF
_EXTRC_OSC_NOCLKOUT               00003FFE
_FCMEN_OFF                        000037FF
_FCMEN_ON                         00003FFF
MPASM 5.77                    ETCHSKETCH.ASM   10-25-2020  12:41:31         PAGE 20


SYMBOL TABLE
  LABEL                             VALUE 

_FOSC_EC                          00003FFB
_FOSC_EXTRC_CLKOUT                00003FFF
_FOSC_EXTRC_NOCLKOUT              00003FFE
_FOSC_HS                          00003FFA
_FOSC_INTRC_CLKOUT                00003FFD
_FOSC_INTRC_NOCLKOUT              00003FFC
_FOSC_LP                          00003FF8
_FOSC_XT                          00003FF9
_HS_OSC                           00003FFA
_IDLOC0                           00002000
_IDLOC1                           00002001
_IDLOC2                           00002002
_IDLOC3                           00002003
_IESO_OFF                         00003BFF
_IESO_ON                          00003FFF
_INTOSC                           00003FFD
_INTOSCIO                         00003FFC
_INTRC_OSC_CLKOUT                 00003FFD
_INTRC_OSC_NOCLKOUT               00003FFC
_LP_OSC                           00003FF8
_LVP_OFF                          00002FFF
_LVP_ON                           00003FFF
_MAIN_PROG_005B                   0000005B
_MAIN_PROG_00E4                   000000E4
_MAIN_PROG_00EE                   000000EE
_MCLRE_OFF                        00003FDF
_MCLRE_ON                         00003FFF
_PWRTE_OFF                        00003FFF
_PWRTE_ON                         00003FEF
_WDTE_OFF                         00003FF7
_WDTE_ON                          00003FFF
_WDT_OFF                          00003FF7
_WDT_ON                           00003FFF
_WRT_1FOURTH                      00003BFF
_WRT_256                          00003DFF
_WRT_HALF                         000039FF
_WRT_OFF                          00003FFF
_XT_OSC                           00003FF9
__16F887                          00000001

Errors   :     0
Warnings :     0 reported,     0 suppressed
Messages :    18 reported,     0 suppressed

